2024-02-08 10:54:55
run_models.py --dataset activity --state def --history 3000 --patience 10 --batch_size 32 --lr 1e-3 --patch_size 300 --stride 300 --nhead 1 --tf_layer 1 --nlayer 1 --te_dim 10 --node_dim 10 --hid_dim 32 --outlayer Linear --seed 1 --gpu 0
Namespace(state='def', n=100000000, hop=1, nhead=1, tf_layer=1, nlayer=1, epoch=1000, patience=10, history=3000, patch_size=300.0, stride=300.0, logmode='a', lr=0.001, w_decay=0.0, batch_size=32, viz=False, save='experiments/', load=None, seed=1, dataset='activity', quantization=0.0, model='tPatchGNN', outlayer='Linear', hid_dim=32, te_dim=10, node_dim=10, gpu='0', npatch=10, device=device(type='cuda'), PID=24340, pred_window=1000, ndim=12)
- Epoch 000, ExpID 59455
Train - Loss (one batch): 0.01272
Val - Loss, MSE, RMSE, MAE, MAPE: 0.00980, 0.00980, 0.09902, 0.07587, 20.08%
Test - Best epoch, Loss, MSE, RMSE, MAE, MAPE: 0, 0.00916, 0.00916, 0.09568, 0.07429, 17.51%
Time spent: 8.29s
- Epoch 001, ExpID 59455
Train - Loss (one batch): 0.00276
Val - Loss, MSE, RMSE, MAE, MAPE: 0.00377, 0.00377, 0.06142, 0.04113, 10.27%
Test - Best epoch, Loss, MSE, RMSE, MAE, MAPE: 1, 0.00352, 0.00352, 0.05935, 0.03994, 8.92%
Time spent: 4.43s
- Epoch 002, ExpID 59455
Train - Loss (one batch): 0.00249
Val - Loss, MSE, RMSE, MAE, MAPE: 0.00332, 0.00332, 0.05763, 0.03502, 8.94%
Test - Best epoch, Loss, MSE, RMSE, MAE, MAPE: 2, 0.00310, 0.00310, 0.05566, 0.03410, 7.78%
Time spent: 4.35s
- Epoch 003, ExpID 59455
Train - Loss (one batch): 0.00237
Val - Loss, MSE, RMSE, MAE, MAPE: 0.00335, 0.00335, 0.05788, 0.03615, 9.28%
Test - Best epoch, Loss, MSE, RMSE, MAE, MAPE: 2, 0.00310, 0.00310, 0.05566, 0.03410, 7.78%
Time spent: 3.68s
- Epoch 004, ExpID 59455
Train - Loss (one batch): 0.00308
Val - Loss, MSE, RMSE, MAE, MAPE: 0.00388, 0.00388, 0.06229, 0.04297, 10.83%
Test - Best epoch, Loss, MSE, RMSE, MAE, MAPE: 2, 0.00310, 0.00310, 0.05566, 0.03410, 7.78%
Time spent: 3.71s
- Epoch 005, ExpID 59455
Train - Loss (one batch): 0.00335
Val - Loss, MSE, RMSE, MAE, MAPE: 0.00318, 0.00318, 0.05635, 0.03474, 9.16%
Test - Best epoch, Loss, MSE, RMSE, MAE, MAPE: 5, 0.00299, 0.00299, 0.05464, 0.03413, 7.99%
Time spent: 4.53s
- Epoch 006, ExpID 59455
Train - Loss (one batch): 0.00384
Val - Loss, MSE, RMSE, MAE, MAPE: 0.00333, 0.00333, 0.05767, 0.03665, 9.41%
Test - Best epoch, Loss, MSE, RMSE, MAE, MAPE: 5, 0.00299, 0.00299, 0.05464, 0.03413, 7.99%
Time spent: 3.63s
- Epoch 007, ExpID 59455
Train - Loss (one batch): 0.00298
Val - Loss, MSE, RMSE, MAE, MAPE: 0.00328, 0.00328, 0.05730, 0.03646, 8.92%
Test - Best epoch, Loss, MSE, RMSE, MAE, MAPE: 5, 0.00299, 0.00299, 0.05464, 0.03413, 7.99%
Time spent: 3.79s
- Epoch 008, ExpID 59455
Train - Loss (one batch): 0.00252
Val - Loss, MSE, RMSE, MAE, MAPE: 0.00309, 0.00309, 0.05563, 0.03375, 8.63%
Test - Best epoch, Loss, MSE, RMSE, MAE, MAPE: 8, 0.00292, 0.00292, 0.05405, 0.03328, 7.58%
Time spent: 4.53s
- Epoch 009, ExpID 59455
Train - Loss (one batch): 0.00216
Val - Loss, MSE, RMSE, MAE, MAPE: 0.00330, 0.00330, 0.05748, 0.03678, 9.47%
Test - Best epoch, Loss, MSE, RMSE, MAE, MAPE: 8, 0.00292, 0.00292, 0.05405, 0.03328, 7.58%
Time spent: 3.85s
- Epoch 010, ExpID 59455
Train - Loss (one batch): 0.00179
Val - Loss, MSE, RMSE, MAE, MAPE: 0.00310, 0.00310, 0.05563, 0.03376, 8.54%
Test - Best epoch, Loss, MSE, RMSE, MAE, MAPE: 8, 0.00292, 0.00292, 0.05405, 0.03328, 7.58%
Time spent: 3.82s
- Epoch 011, ExpID 59455
Train - Loss (one batch): 0.00385
Val - Loss, MSE, RMSE, MAE, MAPE: 0.00304, 0.00304, 0.05517, 0.03362, 8.55%
Test - Best epoch, Loss, MSE, RMSE, MAE, MAPE: 11, 0.00289, 0.00289, 0.05373, 0.03330, 7.56%
Time spent: 4.36s
- Epoch 012, ExpID 59455
Train - Loss (one batch): 0.00253
Val - Loss, MSE, RMSE, MAE, MAPE: 0.00317, 0.00317, 0.05632, 0.03588, 8.88%
Test - Best epoch, Loss, MSE, RMSE, MAE, MAPE: 11, 0.00289, 0.00289, 0.05373, 0.03330, 7.56%
Time spent: 3.88s
- Epoch 013, ExpID 59455
Train - Loss (one batch): 0.00215
Val - Loss, MSE, RMSE, MAE, MAPE: 0.00312, 0.00312, 0.05590, 0.03484, 9.05%
Test - Best epoch, Loss, MSE, RMSE, MAE, MAPE: 11, 0.00289, 0.00289, 0.05373, 0.03330, 7.56%
Time spent: 3.78s
- Epoch 014, ExpID 59455
Train - Loss (one batch): 0.00367
Val - Loss, MSE, RMSE, MAE, MAPE: 0.00309, 0.00309, 0.05555, 0.03403, 8.58%
Test - Best epoch, Loss, MSE, RMSE, MAE, MAPE: 11, 0.00289, 0.00289, 0.05373, 0.03330, 7.56%
Time spent: 3.65s
- Epoch 015, ExpID 59455
Train - Loss (one batch): 0.00170
Val - Loss, MSE, RMSE, MAE, MAPE: 0.00305, 0.00305, 0.05527, 0.03366, 8.59%
Test - Best epoch, Loss, MSE, RMSE, MAE, MAPE: 11, 0.00289, 0.00289, 0.05373, 0.03330, 7.56%
Time spent: 3.68s
- Epoch 016, ExpID 59455
Train - Loss (one batch): 0.00251
Val - Loss, MSE, RMSE, MAE, MAPE: 0.00331, 0.00331, 0.05757, 0.03700, 9.23%
Test - Best epoch, Loss, MSE, RMSE, MAE, MAPE: 11, 0.00289, 0.00289, 0.05373, 0.03330, 7.56%
Time spent: 3.77s
- Epoch 017, ExpID 59455
Train - Loss (one batch): 0.00183
Val - Loss, MSE, RMSE, MAE, MAPE: 0.00318, 0.00318, 0.05636, 0.03590, 9.29%
Test - Best epoch, Loss, MSE, RMSE, MAE, MAPE: 11, 0.00289, 0.00289, 0.05373, 0.03330, 7.56%
Time spent: 3.93s
- Epoch 018, ExpID 59455
Train - Loss (one batch): 0.00292
Val - Loss, MSE, RMSE, MAE, MAPE: 0.00296, 0.00296, 0.05444, 0.03330, 8.66%
Test - Best epoch, Loss, MSE, RMSE, MAE, MAPE: 18, 0.00282, 0.00282, 0.05313, 0.03293, 7.65%
Time spent: 4.59s
- Epoch 019, ExpID 59455
Train - Loss (one batch): 0.00367
Val - Loss, MSE, RMSE, MAE, MAPE: 0.00330, 0.00330, 0.05741, 0.03788, 10.00%
Test - Best epoch, Loss, MSE, RMSE, MAE, MAPE: 18, 0.00282, 0.00282, 0.05313, 0.03293, 7.65%
Time spent: 3.87s
- Epoch 020, ExpID 59455
Train - Loss (one batch): 0.00257
Val - Loss, MSE, RMSE, MAE, MAPE: 0.00294, 0.00294, 0.05425, 0.03293, 8.46%
Test - Best epoch, Loss, MSE, RMSE, MAE, MAPE: 20, 0.00280, 0.00280, 0.05294, 0.03263, 7.47%
Time spent: 4.58s
- Epoch 021, ExpID 59455
Train - Loss (one batch): 0.00276
Val - Loss, MSE, RMSE, MAE, MAPE: 0.00304, 0.00304, 0.05517, 0.03450, 8.96%
Test - Best epoch, Loss, MSE, RMSE, MAE, MAPE: 20, 0.00280, 0.00280, 0.05294, 0.03263, 7.47%
Time spent: 3.85s
- Epoch 022, ExpID 59455
Train - Loss (one batch): 0.00304
Val - Loss, MSE, RMSE, MAE, MAPE: 0.00296, 0.00296, 0.05440, 0.03355, 8.48%
Test - Best epoch, Loss, MSE, RMSE, MAE, MAPE: 20, 0.00280, 0.00280, 0.05294, 0.03263, 7.47%
Time spent: 3.73s
- Epoch 023, ExpID 59455
Train - Loss (one batch): 0.00252
Val - Loss, MSE, RMSE, MAE, MAPE: 0.00296, 0.00296, 0.05438, 0.03294, 8.41%
Test - Best epoch, Loss, MSE, RMSE, MAE, MAPE: 20, 0.00280, 0.00280, 0.05294, 0.03263, 7.47%
Time spent: 3.72s
- Epoch 024, ExpID 59455
Train - Loss (one batch): 0.00276
Val - Loss, MSE, RMSE, MAE, MAPE: 0.00309, 0.00309, 0.05560, 0.03514, 9.20%
Test - Best epoch, Loss, MSE, RMSE, MAE, MAPE: 20, 0.00280, 0.00280, 0.05294, 0.03263, 7.47%
Time spent: 3.66s
- Epoch 025, ExpID 59455
Train - Loss (one batch): 0.00283
Val - Loss, MSE, RMSE, MAE, MAPE: 0.00293, 0.00293, 0.05409, 0.03340, 8.46%
Test - Best epoch, Loss, MSE, RMSE, MAE, MAPE: 25, 0.00282, 0.00282, 0.05307, 0.03326, 7.53%
Time spent: 4.36s
- Epoch 026, ExpID 59455
Train - Loss (one batch): 0.00283
Val - Loss, MSE, RMSE, MAE, MAPE: 0.00291, 0.00291, 0.05399, 0.03293, 8.39%
Test - Best epoch, Loss, MSE, RMSE, MAE, MAPE: 26, 0.00279, 0.00279, 0.05280, 0.03262, 7.43%
Time spent: 4.36s
- Epoch 027, ExpID 59455
Train - Loss (one batch): 0.00190
Val - Loss, MSE, RMSE, MAE, MAPE: 0.00297, 0.00297, 0.05447, 0.03342, 8.50%
Test - Best epoch, Loss, MSE, RMSE, MAE, MAPE: 26, 0.00279, 0.00279, 0.05280, 0.03262, 7.43%
Time spent: 3.70s
- Epoch 028, ExpID 59455
Train - Loss (one batch): 0.00276
Val - Loss, MSE, RMSE, MAE, MAPE: 0.00291, 0.00291, 0.05391, 0.03304, 8.71%
Test - Best epoch, Loss, MSE, RMSE, MAE, MAPE: 28, 0.00278, 0.00278, 0.05272, 0.03274, 7.66%
Time spent: 4.50s
- Epoch 029, ExpID 59455
Train - Loss (one batch): 0.00280
Val - Loss, MSE, RMSE, MAE, MAPE: 0.00290, 0.00290, 0.05383, 0.03345, 8.67%
Test - Best epoch, Loss, MSE, RMSE, MAE, MAPE: 29, 0.00279, 0.00279, 0.05286, 0.03334, 7.71%
Time spent: 4.59s
- Epoch 030, ExpID 59455
Train - Loss (one batch): 0.00277
Val - Loss, MSE, RMSE, MAE, MAPE: 0.00290, 0.00290, 0.05381, 0.03287, 8.62%
Test - Best epoch, Loss, MSE, RMSE, MAE, MAPE: 30, 0.00278, 0.00278, 0.05269, 0.03264, 7.62%
Time spent: 4.54s
- Epoch 031, ExpID 59455
Train - Loss (one batch): 0.00353
Val - Loss, MSE, RMSE, MAE, MAPE: 0.00288, 0.00288, 0.05366, 0.03257, 8.35%
Test - Best epoch, Loss, MSE, RMSE, MAE, MAPE: 31, 0.00276, 0.00276, 0.05250, 0.03219, 7.39%
Time spent: 4.64s
- Epoch 032, ExpID 59455
Train - Loss (one batch): 0.00338
Val - Loss, MSE, RMSE, MAE, MAPE: 0.00293, 0.00293, 0.05413, 0.03335, 8.64%
Test - Best epoch, Loss, MSE, RMSE, MAE, MAPE: 31, 0.00276, 0.00276, 0.05250, 0.03219, 7.39%
Time spent: 3.70s
- Epoch 033, ExpID 59455
Train - Loss (one batch): 0.00258
Val - Loss, MSE, RMSE, MAE, MAPE: 0.00293, 0.00293, 0.05411, 0.03358, 8.44%
Test - Best epoch, Loss, MSE, RMSE, MAE, MAPE: 31, 0.00276, 0.00276, 0.05250, 0.03219, 7.39%
Time spent: 3.75s
- Epoch 034, ExpID 59455
Train - Loss (one batch): 0.00189
Val - Loss, MSE, RMSE, MAE, MAPE: 0.00294, 0.00294, 0.05419, 0.03340, 8.55%
Test - Best epoch, Loss, MSE, RMSE, MAE, MAPE: 31, 0.00276, 0.00276, 0.05250, 0.03219, 7.39%
Time spent: 3.77s
- Epoch 035, ExpID 59455
Train - Loss (one batch): 0.00202
Val - Loss, MSE, RMSE, MAE, MAPE: 0.00290, 0.00290, 0.05389, 0.03338, 8.78%
Test - Best epoch, Loss, MSE, RMSE, MAE, MAPE: 31, 0.00276, 0.00276, 0.05250, 0.03219, 7.39%
Time spent: 3.66s
- Epoch 036, ExpID 59455
Train - Loss (one batch): 0.00419
Val - Loss, MSE, RMSE, MAE, MAPE: 0.00286, 0.00286, 0.05348, 0.03262, 8.42%
Test - Best epoch, Loss, MSE, RMSE, MAE, MAPE: 36, 0.00276, 0.00276, 0.05249, 0.03246, 7.48%
Time spent: 4.36s
- Epoch 037, ExpID 59455
Train - Loss (one batch): 0.00245
Val - Loss, MSE, RMSE, MAE, MAPE: 0.00288, 0.00288, 0.05364, 0.03296, 8.57%
Test - Best epoch, Loss, MSE, RMSE, MAE, MAPE: 36, 0.00276, 0.00276, 0.05249, 0.03246, 7.48%
Time spent: 3.80s
- Epoch 038, ExpID 59455
Train - Loss (one batch): 0.00306
Val - Loss, MSE, RMSE, MAE, MAPE: 0.00294, 0.00294, 0.05423, 0.03342, 8.47%
Test - Best epoch, Loss, MSE, RMSE, MAE, MAPE: 36, 0.00276, 0.00276, 0.05249, 0.03246, 7.48%
Time spent: 3.91s
- Epoch 039, ExpID 59455
Train - Loss (one batch): 0.00222
Val - Loss, MSE, RMSE, MAE, MAPE: 0.00317, 0.00317, 0.05633, 0.03740, 8.95%
Test - Best epoch, Loss, MSE, RMSE, MAE, MAPE: 36, 0.00276, 0.00276, 0.05249, 0.03246, 7.48%
Time spent: 3.86s
- Epoch 040, ExpID 59455
Train - Loss (one batch): 0.00219
Val - Loss, MSE, RMSE, MAE, MAPE: 0.00283, 0.00283, 0.05321, 0.03259, 8.27%
Test - Best epoch, Loss, MSE, RMSE, MAE, MAPE: 40, 0.00274, 0.00274, 0.05231, 0.03236, 7.36%
Time spent: 4.64s
- Epoch 041, ExpID 59455
Train - Loss (one batch): 0.00149
Val - Loss, MSE, RMSE, MAE, MAPE: 0.00286, 0.00286, 0.05352, 0.03272, 8.41%
Test - Best epoch, Loss, MSE, RMSE, MAE, MAPE: 40, 0.00274, 0.00274, 0.05231, 0.03236, 7.36%
Time spent: 3.87s
- Epoch 042, ExpID 59455
Train - Loss (one batch): 0.00348
Val - Loss, MSE, RMSE, MAE, MAPE: 0.00286, 0.00286, 0.05344, 0.03287, 8.61%
Test - Best epoch, Loss, MSE, RMSE, MAE, MAPE: 40, 0.00274, 0.00274, 0.05231, 0.03236, 7.36%
Time spent: 3.71s
- Epoch 043, ExpID 59455
Train - Loss (one batch): 0.00273
Val - Loss, MSE, RMSE, MAE, MAPE: 0.00285, 0.00285, 0.05335, 0.03299, 8.63%
Test - Best epoch, Loss, MSE, RMSE, MAE, MAPE: 40, 0.00274, 0.00274, 0.05231, 0.03236, 7.36%
Time spent: 3.77s
- Epoch 044, ExpID 59455
Train - Loss (one batch): 0.00396
Val - Loss, MSE, RMSE, MAE, MAPE: 0.00301, 0.00301, 0.05485, 0.03518, 8.62%
Test - Best epoch, Loss, MSE, RMSE, MAE, MAPE: 40, 0.00274, 0.00274, 0.05231, 0.03236, 7.36%
Time spent: 3.68s
- Epoch 045, ExpID 59455
Train - Loss (one batch): 0.00250
Val - Loss, MSE, RMSE, MAE, MAPE: 0.00280, 0.00280, 0.05296, 0.03225, 8.29%
Test - Best epoch, Loss, MSE, RMSE, MAE, MAPE: 45, 0.00270, 0.00270, 0.05199, 0.03194, 7.36%
Time spent: 4.48s
- Epoch 046, ExpID 59455
Train - Loss (one batch): 0.00263
Val - Loss, MSE, RMSE, MAE, MAPE: 0.00283, 0.00283, 0.05324, 0.03256, 8.42%
Test - Best epoch, Loss, MSE, RMSE, MAE, MAPE: 45, 0.00270, 0.00270, 0.05199, 0.03194, 7.36%
Time spent: 3.68s
- Epoch 047, ExpID 59455
Train - Loss (one batch): 0.00241
Val - Loss, MSE, RMSE, MAE, MAPE: 0.00282, 0.00282, 0.05308, 0.03249, 8.23%
Test - Best epoch, Loss, MSE, RMSE, MAE, MAPE: 45, 0.00270, 0.00270, 0.05199, 0.03194, 7.36%
Time spent: 3.79s
- Epoch 048, ExpID 59455
Train - Loss (one batch): 0.00237
Val - Loss, MSE, RMSE, MAE, MAPE: 0.00284, 0.00284, 0.05328, 0.03282, 8.65%
Test - Best epoch, Loss, MSE, RMSE, MAE, MAPE: 45, 0.00270, 0.00270, 0.05199, 0.03194, 7.36%
Time spent: 3.85s
- Epoch 049, ExpID 59455
Train - Loss (one batch): 0.00274
Val - Loss, MSE, RMSE, MAE, MAPE: 0.00284, 0.00284, 0.05329, 0.03283, 8.36%
Test - Best epoch, Loss, MSE, RMSE, MAE, MAPE: 45, 0.00270, 0.00270, 0.05199, 0.03194, 7.36%
Time spent: 3.80s
- Epoch 050, ExpID 59455
Train - Loss (one batch): 0.00191
Val - Loss, MSE, RMSE, MAE, MAPE: 0.00290, 0.00290, 0.05389, 0.03384, 8.83%
Test - Best epoch, Loss, MSE, RMSE, MAE, MAPE: 45, 0.00270, 0.00270, 0.05199, 0.03194, 7.36%
Time spent: 3.86s
- Epoch 051, ExpID 59455
Train - Loss (one batch): 0.00206
Val - Loss, MSE, RMSE, MAE, MAPE: 0.00298, 0.00298, 0.05457, 0.03462, 8.51%
Test - Best epoch, Loss, MSE, RMSE, MAE, MAPE: 45, 0.00270, 0.00270, 0.05199, 0.03194, 7.36%
Time spent: 3.82s
- Epoch 052, ExpID 59455
Train - Loss (one batch): 0.00139
Val - Loss, MSE, RMSE, MAE, MAPE: 0.00283, 0.00283, 0.05317, 0.03280, 8.41%
Test - Best epoch, Loss, MSE, RMSE, MAE, MAPE: 45, 0.00270, 0.00270, 0.05199, 0.03194, 7.36%
Time spent: 3.75s
- Epoch 053, ExpID 59455
Train - Loss (one batch): 0.00237
Val - Loss, MSE, RMSE, MAE, MAPE: 0.00279, 0.00279, 0.05285, 0.03245, 8.48%
Test - Best epoch, Loss, MSE, RMSE, MAE, MAPE: 53, 0.00272, 0.00272, 0.05212, 0.03244, 7.58%
Time spent: 4.40s
- Epoch 054, ExpID 59455
Train - Loss (one batch): 0.00190
Val - Loss, MSE, RMSE, MAE, MAPE: 0.00280, 0.00280, 0.05296, 0.03235, 8.25%
Test - Best epoch, Loss, MSE, RMSE, MAE, MAPE: 53, 0.00272, 0.00272, 0.05212, 0.03244, 7.58%
Time spent: 3.77s
- Epoch 055, ExpID 59455
Train - Loss (one batch): 0.00174
Val - Loss, MSE, RMSE, MAE, MAPE: 0.00297, 0.00297, 0.05446, 0.03508, 8.59%
Test - Best epoch, Loss, MSE, RMSE, MAE, MAPE: 53, 0.00272, 0.00272, 0.05212, 0.03244, 7.58%
Time spent: 3.80s
- Epoch 056, ExpID 59455
Train - Loss (one batch): 0.00247
Val - Loss, MSE, RMSE, MAE, MAPE: 0.00279, 0.00279, 0.05283, 0.03256, 8.37%
Test - Best epoch, Loss, MSE, RMSE, MAE, MAPE: 56, 0.00272, 0.00272, 0.05216, 0.03250, 7.47%
Time spent: 4.40s
- Epoch 057, ExpID 59455
Train - Loss (one batch): 0.00184
Val - Loss, MSE, RMSE, MAE, MAPE: 0.00287, 0.00287, 0.05353, 0.03383, 8.83%
Test - Best epoch, Loss, MSE, RMSE, MAE, MAPE: 56, 0.00272, 0.00272, 0.05216, 0.03250, 7.47%
Time spent: 3.74s
- Epoch 058, ExpID 59455
Train - Loss (one batch): 0.00245
Val - Loss, MSE, RMSE, MAE, MAPE: 0.00282, 0.00282, 0.05306, 0.03312, 8.29%
Test - Best epoch, Loss, MSE, RMSE, MAE, MAPE: 56, 0.00272, 0.00272, 0.05216, 0.03250, 7.47%
Time spent: 3.71s
- Epoch 059, ExpID 59455
Train - Loss (one batch): 0.00268
Val - Loss, MSE, RMSE, MAE, MAPE: 0.00299, 0.00299, 0.05464, 0.03541, 9.33%
Test - Best epoch, Loss, MSE, RMSE, MAE, MAPE: 56, 0.00272, 0.00272, 0.05216, 0.03250, 7.47%
Time spent: 3.71s
- Epoch 060, ExpID 59455
Train - Loss (one batch): 0.00250
Val - Loss, MSE, RMSE, MAE, MAPE: 0.00280, 0.00280, 0.05289, 0.03251, 8.33%
Test - Best epoch, Loss, MSE, RMSE, MAE, MAPE: 56, 0.00272, 0.00272, 0.05216, 0.03250, 7.47%
Time spent: 3.69s
- Epoch 061, ExpID 59455
Train - Loss (one batch): 0.00395
Val - Loss, MSE, RMSE, MAE, MAPE: 0.00280, 0.00280, 0.05292, 0.03310, 8.46%
Test - Best epoch, Loss, MSE, RMSE, MAE, MAPE: 56, 0.00272, 0.00272, 0.05216, 0.03250, 7.47%
Time spent: 3.76s
- Epoch 062, ExpID 59455
Train - Loss (one batch): 0.00221
Val - Loss, MSE, RMSE, MAE, MAPE: 0.00296, 0.00296, 0.05437, 0.03528, 8.74%
Test - Best epoch, Loss, MSE, RMSE, MAE, MAPE: 56, 0.00272, 0.00272, 0.05216, 0.03250, 7.47%
Time spent: 3.73s
- Epoch 063, ExpID 59455
Train - Loss (one batch): 0.00211
Val - Loss, MSE, RMSE, MAE, MAPE: 0.00278, 0.00278, 0.05270, 0.03268, 8.39%
Test - Best epoch, Loss, MSE, RMSE, MAE, MAPE: 63, 0.00271, 0.00271, 0.05208, 0.03267, 7.53%
Time spent: 4.44s
- Epoch 064, ExpID 59455
Train - Loss (one batch): 0.00173
Val - Loss, MSE, RMSE, MAE, MAPE: 0.00280, 0.00280, 0.05294, 0.03257, 8.36%
Test - Best epoch, Loss, MSE, RMSE, MAE, MAPE: 63, 0.00271, 0.00271, 0.05208, 0.03267, 7.53%
Time spent: 3.74s
- Epoch 065, ExpID 59455
Train - Loss (one batch): 0.00321
Val - Loss, MSE, RMSE, MAE, MAPE: 0.00290, 0.00290, 0.05387, 0.03456, 9.10%
Test - Best epoch, Loss, MSE, RMSE, MAE, MAPE: 63, 0.00271, 0.00271, 0.05208, 0.03267, 7.53%
Time spent: 3.75s
- Epoch 066, ExpID 59455
Train - Loss (one batch): 0.00184
Val - Loss, MSE, RMSE, MAE, MAPE: 0.00277, 0.00277, 0.05259, 0.03223, 8.23%
Test - Best epoch, Loss, MSE, RMSE, MAE, MAPE: 66, 0.00268, 0.00268, 0.05176, 0.03196, 7.33%
Time spent: 4.46s
- Epoch 067, ExpID 59455
Train - Loss (one batch): 0.00329
Val - Loss, MSE, RMSE, MAE, MAPE: 0.00275, 0.00275, 0.05241, 0.03187, 8.12%
Test - Best epoch, Loss, MSE, RMSE, MAE, MAPE: 67, 0.00267, 0.00267, 0.05168, 0.03174, 7.26%
Time spent: 4.41s
- Epoch 068, ExpID 59455
Train - Loss (one batch): 0.00385
Val - Loss, MSE, RMSE, MAE, MAPE: 0.00288, 0.00288, 0.05367, 0.03415, 8.52%
Test - Best epoch, Loss, MSE, RMSE, MAE, MAPE: 67, 0.00267, 0.00267, 0.05168, 0.03174, 7.26%
Time spent: 3.70s
- Epoch 069, ExpID 59455
Train - Loss (one batch): 0.00186
Val - Loss, MSE, RMSE, MAE, MAPE: 0.00282, 0.00282, 0.05310, 0.03318, 8.29%
Test - Best epoch, Loss, MSE, RMSE, MAE, MAPE: 67, 0.00267, 0.00267, 0.05168, 0.03174, 7.26%
Time spent: 3.74s
- Epoch 070, ExpID 59455
Train - Loss (one batch): 0.00302
Val - Loss, MSE, RMSE, MAE, MAPE: 0.00288, 0.00288, 0.05367, 0.03381, 8.38%
Test - Best epoch, Loss, MSE, RMSE, MAE, MAPE: 67, 0.00267, 0.00267, 0.05168, 0.03174, 7.26%
Time spent: 3.72s
- Epoch 071, ExpID 59455
Train - Loss (one batch): 0.00222
Val - Loss, MSE, RMSE, MAE, MAPE: 0.00278, 0.00278, 0.05273, 0.03244, 8.21%
Test - Best epoch, Loss, MSE, RMSE, MAE, MAPE: 67, 0.00267, 0.00267, 0.05168, 0.03174, 7.26%
Time spent: 3.68s
- Epoch 072, ExpID 59455
Train - Loss (one batch): 0.00313
Val - Loss, MSE, RMSE, MAE, MAPE: 0.00279, 0.00279, 0.05284, 0.03285, 8.59%
Test - Best epoch, Loss, MSE, RMSE, MAE, MAPE: 67, 0.00267, 0.00267, 0.05168, 0.03174, 7.26%
Time spent: 3.73s
- Epoch 073, ExpID 59455
Train - Loss (one batch): 0.00213
Val - Loss, MSE, RMSE, MAE, MAPE: 0.00283, 0.00283, 0.05316, 0.03334, 8.29%
Test - Best epoch, Loss, MSE, RMSE, MAE, MAPE: 67, 0.00267, 0.00267, 0.05168, 0.03174, 7.26%
Time spent: 3.71s
- Epoch 074, ExpID 59455
Train - Loss (one batch): 0.00232
Val - Loss, MSE, RMSE, MAE, MAPE: 0.00275, 0.00275, 0.05241, 0.03207, 8.26%
Test - Best epoch, Loss, MSE, RMSE, MAE, MAPE: 74, 0.00268, 0.00268, 0.05178, 0.03188, 7.38%
Time spent: 4.38s
- Epoch 075, ExpID 59455
Train - Loss (one batch): 0.00319
Val - Loss, MSE, RMSE, MAE, MAPE: 0.00288, 0.00288, 0.05364, 0.03410, 8.43%
Test - Best epoch, Loss, MSE, RMSE, MAE, MAPE: 74, 0.00268, 0.00268, 0.05178, 0.03188, 7.38%
Time spent: 3.74s
- Epoch 076, ExpID 59455
Train - Loss (one batch): 0.00257
Val - Loss, MSE, RMSE, MAE, MAPE: 0.00304, 0.00304, 0.05510, 0.03623, 8.72%
Test - Best epoch, Loss, MSE, RMSE, MAE, MAPE: 74, 0.00268, 0.00268, 0.05178, 0.03188, 7.38%
Time spent: 3.81s
- Epoch 077, ExpID 59455
Train - Loss (one batch): 0.00357
Val - Loss, MSE, RMSE, MAE, MAPE: 0.00270, 0.00270, 0.05201, 0.03169, 8.15%
Test - Best epoch, Loss, MSE, RMSE, MAE, MAPE: 77, 0.00264, 0.00264, 0.05138, 0.03168, 7.33%
Time spent: 4.37s
- Epoch 078, ExpID 59455
Train - Loss (one batch): 0.00285
Val - Loss, MSE, RMSE, MAE, MAPE: 0.00279, 0.00279, 0.05287, 0.03310, 8.27%
Test - Best epoch, Loss, MSE, RMSE, MAE, MAPE: 77, 0.00264, 0.00264, 0.05138, 0.03168, 7.33%
Time spent: 3.66s
- Epoch 079, ExpID 59455
Train - Loss (one batch): 0.00311
Val - Loss, MSE, RMSE, MAE, MAPE: 0.00269, 0.00269, 0.05185, 0.03172, 8.23%
Test - Best epoch, Loss, MSE, RMSE, MAE, MAPE: 79, 0.00265, 0.00265, 0.05149, 0.03184, 7.40%
Time spent: 4.46s
- Epoch 080, ExpID 59455
Train - Loss (one batch): 0.00213
Val - Loss, MSE, RMSE, MAE, MAPE: 0.00275, 0.00275, 0.05248, 0.03235, 8.19%
Test - Best epoch, Loss, MSE, RMSE, MAE, MAPE: 79, 0.00265, 0.00265, 0.05149, 0.03184, 7.40%
Time spent: 3.70s
- Epoch 081, ExpID 59455
Train - Loss (one batch): 0.00296
Val - Loss, MSE, RMSE, MAE, MAPE: 0.00275, 0.00275, 0.05244, 0.03280, 8.27%
Test - Best epoch, Loss, MSE, RMSE, MAE, MAPE: 79, 0.00265, 0.00265, 0.05149, 0.03184, 7.40%
Time spent: 3.81s
- Epoch 082, ExpID 59455
Train - Loss (one batch): 0.00278
Val - Loss, MSE, RMSE, MAE, MAPE: 0.00284, 0.00284, 0.05325, 0.03349, 8.31%
Test - Best epoch, Loss, MSE, RMSE, MAE, MAPE: 79, 0.00265, 0.00265, 0.05149, 0.03184, 7.40%
Time spent: 3.85s
- Epoch 083, ExpID 59455
Train - Loss (one batch): 0.00246
Val - Loss, MSE, RMSE, MAE, MAPE: 0.00282, 0.00282, 0.05312, 0.03347, 8.29%
Test - Best epoch, Loss, MSE, RMSE, MAE, MAPE: 79, 0.00265, 0.00265, 0.05149, 0.03184, 7.40%
Time spent: 3.64s
- Epoch 084, ExpID 59455
Train - Loss (one batch): 0.00251
Val - Loss, MSE, RMSE, MAE, MAPE: 0.00280, 0.00280, 0.05291, 0.03336, 8.44%
Test - Best epoch, Loss, MSE, RMSE, MAE, MAPE: 79, 0.00265, 0.00265, 0.05149, 0.03184, 7.40%
Time spent: 3.66s
- Epoch 085, ExpID 59455
Train - Loss (one batch): 0.00330
Val - Loss, MSE, RMSE, MAE, MAPE: 0.00274, 0.00274, 0.05234, 0.03224, 8.37%
Test - Best epoch, Loss, MSE, RMSE, MAE, MAPE: 79, 0.00265, 0.00265, 0.05149, 0.03184, 7.40%
Time spent: 3.76s
- Epoch 086, ExpID 59455
Train - Loss (one batch): 0.00277
Val - Loss, MSE, RMSE, MAE, MAPE: 0.00279, 0.00279, 0.05287, 0.03313, 8.54%
Test - Best epoch, Loss, MSE, RMSE, MAE, MAPE: 79, 0.00265, 0.00265, 0.05149, 0.03184, 7.40%
Time spent: 3.72s
- Epoch 087, ExpID 59455
Train - Loss (one batch): 0.00262
Val - Loss, MSE, RMSE, MAE, MAPE: 0.00279, 0.00279, 0.05281, 0.03302, 8.23%
Test - Best epoch, Loss, MSE, RMSE, MAE, MAPE: 79, 0.00265, 0.00265, 0.05149, 0.03184, 7.40%
Time spent: 3.73s
- Epoch 088, ExpID 59455
Train - Loss (one batch): 0.00328
Val - Loss, MSE, RMSE, MAE, MAPE: 0.00295, 0.00295, 0.05435, 0.03563, 8.63%
Test - Best epoch, Loss, MSE, RMSE, MAE, MAPE: 79, 0.00265, 0.00265, 0.05149, 0.03184, 7.40%
Time spent: 3.70s
- Epoch 089, ExpID 59455
Train - Loss (one batch): 0.00248
Val - Loss, MSE, RMSE, MAE, MAPE: 0.00312, 0.00312, 0.05581, 0.03747, 8.91%
Test - Best epoch, Loss, MSE, RMSE, MAE, MAPE: 79, 0.00265, 0.00265, 0.05149, 0.03184, 7.40%
Time spent: 3.68s
